g:\hpm-9.0\build\x86_windows\x64\release\encoder_lib\vc142.pdb
g:\hpm-9.0\build\x86_windows\x64\release\encoder_lib\enc_pibc.obj
g:\hpm-9.0\build\x86_windows\x64\release\encoder_lib\enc_util.obj
g:\hpm-9.0\build\x86_windows\x64\release\encoder_lib\enc_tq.obj
g:\hpm-9.0\build\x86_windows\x64\release\encoder_lib\enc_tbl.obj
g:\hpm-9.0\build\x86_windows\x64\release\encoder_lib\enc_sad.obj
g:\hpm-9.0\build\x86_windows\x64\release\encoder_lib\enc_pintra.obj
g:\hpm-9.0\build\x86_windows\x64\release\encoder_lib\enc_pinter.obj
g:\hpm-9.0\build\x86_windows\x64\release\encoder_lib\enc_mode.obj
g:\hpm-9.0\build\x86_windows\x64\release\encoder_lib\enc_esao.obj
g:\hpm-9.0\build\x86_windows\x64\release\encoder_lib\enc_encadaptiveloopfilter.obj
g:\hpm-9.0\build\x86_windows\x64\release\encoder_lib\enc_eco.obj
g:\hpm-9.0\build\x86_windows\x64\release\encoder_lib\enc_bsw.obj
g:\hpm-9.0\build\x86_windows\x64\release\encoder_lib\enc.obj
g:\hpm-9.0\build\x86_windows\x64\release\encoder_lib\enc_ibc_hashmap.obj
g:\hpm-9.0\build\x86_windows\x64\release\encoder_lib\enc_sp.obj
g:\hpm-9.0\lib\encoder_lib.lib
g:\hpm-9.0\build\x86_windows\x64\release\encoder_lib\encoder_lib.tlog\cl.command.1.tlog
g:\hpm-9.0\build\x86_windows\x64\release\encoder_lib\encoder_lib.tlog\cl.read.1.tlog
g:\hpm-9.0\build\x86_windows\x64\release\encoder_lib\encoder_lib.tlog\cl.write.1.tlog
g:\hpm-9.0\build\x86_windows\x64\release\encoder_lib\encoder_lib.tlog\lib-link.read.1.tlog
g:\hpm-9.0\build\x86_windows\x64\release\encoder_lib\encoder_lib.tlog\lib-link.write.1.tlog
g:\hpm-9.0\build\x86_windows\x64\release\encoder_lib\encoder_lib.tlog\lib.command.1.tlog
